2021-08-07 17:24:32.221: Dataset name: ml-latest
The number of users: 610
The number of items: 9724
The number of ratings: 100836
Average actions of users: 165.30
Average actions of items: 10.37
The sparsity of the dataset: 98.300032%
2021-08-07 17:24:32.222: 

NeuRec hyperparameters:
recommender=NeuMF
config_dir=./conf
gpu_id=0
gpu_mem=0.5
data.input.path=dataset
data.input.dataset=ml-latest
data.column.format=UIRT
data.convert.separator=','
user_min=0
item_min=0
splitter=ratio
ratio=0.8
by_time=False
metric=["Precision", "Recall", "NDCG", "MAP", "MRR"]
topk=[7, 10, 20]
group_view=None
rec.evaluate.neg=0
test_batch_size=128
num_thread=8

NeuMF's hyperparameters:
epochs=1
batch_size=256
embedding_size=16
layers=[64,32,16]
reg_mf=0
reg_mlp=0
is_pairwise=False
num_neg=4
loss_function=cross_entropy
learning_rate=0.001
learner=adam
init_method=normal
stddev=0.01
verbose=1
mf_pretrain=pretrain/GMF
mlp_pretrain=pretrain/MLP

2021-08-07 17:24:32.229: load pretrained params unsuccessful!
2021-08-07 17:24:32.769: metrics:	Precision@7 	Precision@10	Precision@20	Recall@7    	Recall@10   	Recall@20   	NDCG@7      	NDCG@10     	NDCG@20     	MAP@7       	MAP@10      	MAP@20      	MRR@7       	MRR@10      	MRR@20      
2021-08-07 17:24:47.317: [iter 1 : loss : 0.534030, time: 14.515820]
2021-08-07 17:24:49.813: epoch 1:	0.16135845  	0.14704898  	0.12122942  	0.05510622  	0.06635933  	0.10227498  	0.18145025  	0.17365441  	0.16610080  	0.11288373  	0.09890874  	0.07923351  	0.33762673  	0.34381533  	0.35186890  
