2021-08-09 13:53:12.006: Dataset name: ml-latest
The number of users: 610
The number of items: 9724
The number of ratings: 100836
Average actions of users: 165.30
Average actions of items: 10.37
The sparsity of the dataset: 98.300032%
2021-08-09 13:53:12.007: 

NeuRec hyperparameters:
recommender=NeuMF
config_dir=./conf
gpu_id=0
gpu_mem=0.5
data.input.path=dataset
data.input.dataset=ml-latest
data.column.format=UIRT
data.convert.separator=','
user_min=0
item_min=0
splitter=ratio
ratio=0.8
by_time=False
metric=["Precision", "Recall", "NDCG", "MAP", "MRR"]
topk=[7, 10, 20]
group_view=None
rec.evaluate.neg=0
test_batch_size=128
num_thread=8

NeuMF's hyperparameters:
epochs=50
batch_size=256
embedding_size=16
layers=[64,32,16]
reg_mf=0
reg_mlp=0
is_pairwise=False
num_neg=4
loss_function=cross_entropy
learning_rate=0.001
learner=adam
init_method=normal
stddev=0.01
verbose=1
mf_pretrain=pretrain/GMF
mlp_pretrain=pretrain/MLP

2021-08-09 13:53:12.008: load pretrained params unsuccessful!
2021-08-09 13:53:12.485: metrics:	Precision@7 	Precision@10	Precision@20	Recall@7    	Recall@10   	Recall@20   	NDCG@7      	NDCG@10     	NDCG@20     	MAP@7       	MAP@10      	MAP@20      	MRR@7       	MRR@10      	MRR@20      
2021-08-09 13:53:25.875: [iter 1 : loss : 0.534030, time: 13.363243]
2021-08-09 13:53:28.571: epoch 1:	0.16135845  	0.14704898  	0.12122942  	0.05510622  	0.06635933  	0.10227498  	0.18145025  	0.17365441  	0.16610080  	0.11288373  	0.09890874  	0.07923351  	0.33762673  	0.34381533  	0.35186890  
2021-08-09 13:53:40.666: [iter 2 : loss : 0.345168, time: 12.095079]
2021-08-09 13:53:43.114: epoch 2:	0.15550362  	0.14442602  	0.12508187  	0.04836131  	0.06260428  	0.11076095  	0.17485021  	0.16854356  	0.16704477  	0.10924960  	0.09581058  	0.07703280  	0.33142066  	0.33928961  	0.34964320  
2021-08-09 13:53:54.989: [iter 3 : loss : 0.326269, time: 11.874657]
2021-08-09 13:53:57.519: epoch 3:	0.17658098  	0.16344246  	0.13901646  	0.05747419  	0.07724960  	0.13054687  	0.19444746  	0.18770054  	0.18663405  	0.12193801  	0.10613102  	0.08792245  	0.35592878  	0.36217204  	0.37133455  
2021-08-09 13:54:09.339: [iter 4 : loss : 0.314331, time: 11.819829]
2021-08-09 13:54:11.674: epoch 4:	0.18922736  	0.17672093  	0.14827877  	0.06646364  	0.08767905  	0.14339638  	0.20907807  	0.20363218  	0.20198782  	0.13343585  	0.11750899  	0.09851788  	0.36821222  	0.37754300  	0.38484055  
2021-08-09 13:54:23.638: [iter 5 : loss : 0.304851, time: 11.964394]
2021-08-09 13:54:25.974: epoch 5:	0.18922736  	0.17606540  	0.15000008  	0.06501133  	0.08594535  	0.13995704  	0.20817375  	0.20246913  	0.20133543  	0.13013758  	0.11491977  	0.09626730  	0.37173283  	0.37826750  	0.38616571  
2021-08-09 13:54:38.021: [iter 6 : loss : 0.293008, time: 12.046891]
2021-08-09 13:54:40.346: epoch 6:	0.19812661  	0.18704890  	0.15524592  	0.07274065  	0.09445599  	0.15193614  	0.21547879  	0.21240330  	0.21125557  	0.13142854  	0.11967781  	0.10258292  	0.38335264  	0.39060682  	0.39717573  
2021-08-09 13:54:52.618: [iter 7 : loss : 0.278487, time: 12.271740]
2021-08-09 13:54:55.214: epoch 7:	0.20585497  	0.18852444  	0.15672135  	0.07721363  	0.09741454  	0.14906715  	0.22131610  	0.21420333  	0.21165006  	0.13848205  	0.12320668  	0.10455488  	0.38327464  	0.38800147  	0.39474764  
2021-08-09 13:55:07.875: [iter 8 : loss : 0.262685, time: 12.660547]
2021-08-09 13:55:10.215: epoch 8:	0.21194400  	0.19606534  	0.16147548  	0.08166578  	0.10398494  	0.16147281  	0.23217575  	0.22600973  	0.22339284  	0.14725509  	0.13144337  	0.11159784  	0.39782554  	0.40284839  	0.41045591  
2021-08-09 13:55:22.306: [iter 9 : loss : 0.245959, time: 12.090724]
2021-08-09 13:55:24.637: epoch 9:	0.20070283  	0.18655720  	0.15827875  	0.07304125  	0.09534200  	0.15418388  	0.21561292  	0.21104747  	0.21324176  	0.13409397  	0.12041444  	0.10461683  	0.37000361  	0.37688896  	0.38512096  
2021-08-09 13:55:36.746: [iter 10 : loss : 0.229136, time: 12.108785]
2021-08-09 13:55:39.347: epoch 10:	0.19812681  	0.18606532  	0.15844263  	0.07177234  	0.09549061  	0.15524060  	0.20943293  	0.20694278  	0.20973840  	0.12796658  	0.11545219  	0.10093785  	0.35688499  	0.36526397  	0.37158185  
2021-08-09 13:55:52.181: [iter 11 : loss : 0.211889, time: 12.833918]
2021-08-09 13:55:54.570: epoch 11:	0.19929774  	0.18131128  	0.15426227  	0.07694555  	0.09823229  	0.15772204  	0.21234401  	0.20552114  	0.20915976  	0.13175081  	0.11483697  	0.10125268  	0.35941052  	0.36649171  	0.37283599  
2021-08-09 13:56:06.469: [iter 12 : loss : 0.197628, time: 11.898770]
2021-08-09 13:56:09.027: epoch 12:	0.18126477  	0.16901620  	0.14983605  	0.06958321  	0.09030366  	0.15300089  	0.19235186  	0.18908744  	0.19769606  	0.11665314  	0.10381519  	0.09371652  	0.32988280  	0.33767888  	0.34565601  
2021-08-09 13:56:21.131: [iter 13 : loss : 0.184377, time: 12.103872]
2021-08-09 13:56:23.511: epoch 13:	0.17002361  	0.16032767  	0.13770503  	0.06423028  	0.08786480  	0.14258556  	0.18465640  	0.18273269  	0.18681447  	0.10971016  	0.09792955  	0.08562886  	0.33769313  	0.34619951  	0.35428703  
2021-08-09 13:56:36.208: [iter 14 : loss : 0.172220, time: 12.696748]
2021-08-09 13:56:38.870: epoch 14:	0.17494170  	0.16442607  	0.14155737  	0.06858980  	0.09143434  	0.14872433  	0.18476185  	0.18321571  	0.18992016  	0.10886855  	0.09758352  	0.08750980  	0.32511690  	0.33284014  	0.34001181  
2021-08-09 13:56:51.458: [iter 15 : loss : 0.161019, time: 12.588180]
2021-08-09 13:56:53.830: epoch 15:	0.17564414  	0.16524570  	0.14483604  	0.06833983  	0.09150374  	0.15061752  	0.18291529  	0.18156725  	0.19035210  	0.10833061  	0.09683063  	0.08831433  	0.31517938  	0.32244715  	0.33018547  
2021-08-09 13:57:06.410: [iter 16 : loss : 0.151826, time: 12.579253]
2021-08-09 13:57:08.877: epoch 16:	0.16815007  	0.16016376  	0.14508192  	0.06732039  	0.08884107  	0.15185758  	0.17811900  	0.17778064  	0.19016074  	0.10510602  	0.09506433  	0.08711018  	0.30863377  	0.31624767  	0.32667872  
2021-08-09 13:57:21.238: [iter 17 : loss : 0.143560, time: 12.360777]
2021-08-09 13:57:23.674: epoch 17:	0.17306808  	0.16622937  	0.14836062  	0.06814332  	0.09441085  	0.15615577  	0.18244959  	0.18348192  	0.19500865  	0.10677861  	0.09719512  	0.08976265  	0.31642467  	0.32423890  	0.33354405  
2021-08-09 13:57:36.109: [iter 18 : loss : 0.136055, time: 12.434449]
2021-08-09 13:57:38.535: epoch 18:	0.16182689  	0.15524572  	0.14008197  	0.06774893  	0.09007026  	0.14683443  	0.16909517  	0.17052394  	0.18247387  	0.09764711  	0.09002230  	0.08427279  	0.29100692  	0.29846594  	0.30633575  
2021-08-09 13:57:50.491: [iter 19 : loss : 0.128732, time: 11.956394]
2021-08-09 13:57:53.015: epoch 19:	0.16604227  	0.16327858  	0.14459014  	0.06392450  	0.09189732  	0.15232034  	0.17439818  	0.17856508  	0.18848877  	0.10346968  	0.09589713  	0.08665038  	0.30090931  	0.30945221  	0.31897536  
2021-08-09 13:58:05.682: [iter 20 : loss : 0.122892, time: 12.666428]
2021-08-09 13:58:08.027: epoch 20:	0.17142875  	0.15885232  	0.13844264  	0.06662440  	0.08641186  	0.14884442  	0.17921303  	0.17600055  	0.18445440  	0.10464701  	0.09313618  	0.08394597  	0.30943385  	0.31747121  	0.32448170  
2021-08-09 13:58:20.174: [iter 21 : loss : 0.117650, time: 12.146959]
2021-08-09 13:58:22.706: epoch 21:	0.16487138  	0.15786877  	0.14049186  	0.06720019  	0.08839750  	0.15204017  	0.17041197  	0.17126854  	0.18436192  	0.09854184  	0.09020381  	0.08410499  	0.29092500  	0.29923099  	0.30943355  
2021-08-09 13:58:34.628: [iter 22 : loss : 0.112973, time: 11.922747]
2021-08-09 13:58:36.995: epoch 22:	0.16276357  	0.15459004  	0.13885245  	0.06137759  	0.08360092  	0.14505538  	0.16999237  	0.16975579  	0.18072721  	0.09882496  	0.08938792  	0.08091053  	0.29523802  	0.30367610  	0.31386021  
2021-08-09 13:58:49.036: [iter 23 : loss : 0.108034, time: 12.040958]
2021-08-09 13:58:51.449: epoch 23:	0.16651069  	0.15885229  	0.14204916  	0.06683373  	0.08806603  	0.15049171  	0.17367457  	0.17379461  	0.18530455  	0.10059220  	0.09124202  	0.08378831  	0.29980475  	0.30704972  	0.31739119  
2021-08-09 13:59:03.761: [iter 24 : loss : 0.104185, time: 12.312031]
2021-08-09 13:59:06.190: epoch 24:	0.15925068  	0.15278676  	0.13852456  	0.06323016  	0.08355439  	0.14815789  	0.16501632  	0.16615030  	0.17979950  	0.09169010  	0.08449667  	0.07950675  	0.29168218  	0.29825783  	0.30814177  
2021-08-09 13:59:18.662: [iter 25 : loss : 0.100304, time: 12.471949]
2021-08-09 13:59:21.032: epoch 25:	0.15480107  	0.14999986  	0.13598360  	0.06208221  	0.08420584  	0.14646924  	0.16537106  	0.16732237  	0.18038684  	0.09429441  	0.08619191  	0.08024855  	0.30044094  	0.30941638  	0.31751814  
2021-08-09 13:59:33.150: [iter 26 : loss : 0.096197, time: 12.117216]
2021-08-09 13:59:35.564: epoch 26:	0.15199074  	0.14803262  	0.13680325  	0.06102282  	0.08110206  	0.14491586  	0.15983747  	0.16247742  	0.17787483  	0.08807001  	0.08141381  	0.07826211  	0.29173681  	0.29986072  	0.30895767  
2021-08-09 13:59:48.136: [iter 27 : loss : 0.094157, time: 12.571933]
2021-08-09 13:59:50.693: epoch 27:	0.16018751  	0.15229493  	0.13885248  	0.06485160  	0.08773366  	0.15250283  	0.16638997  	0.16718228  	0.18202443  	0.09272258  	0.08418986  	0.07949604  	0.29733020  	0.30651507  	0.31636304  
2021-08-09 14:00:03.239: [iter 28 : loss : 0.090063, time: 12.545718]
2021-08-09 14:00:05.999: epoch 28:	0.15035143  	0.15016377  	0.13377050  	0.06282464  	0.08579049  	0.14278236  	0.15337314  	0.15940121  	0.17254849  	0.08415411  	0.08055092  	0.07656441  	0.27236131  	0.27960181  	0.28873587  
2021-08-09 14:00:19.471: [iter 29 : loss : 0.087359, time: 13.471208]
2021-08-09 14:00:21.954: epoch 29:	0.15081978  	0.14999983  	0.13737708  	0.06256152  	0.08603229  	0.14693081  	0.15786861  	0.16280290  	0.17701037  	0.08675208  	0.08162380  	0.07772399  	0.28667039  	0.29510850  	0.30278307  
2021-08-09 14:00:34.382: [iter 30 : loss : 0.084445, time: 12.427014]
2021-08-09 14:00:36.744: epoch 30:	0.15409847  	0.14901622  	0.13598362  	0.06466179  	0.08887377  	0.14528076  	0.15969640  	0.16278970  	0.17604606  	0.08779146  	0.08117710  	0.07725073  	0.28308725  	0.29141611  	0.29824391  
2021-08-09 14:00:49.040: [iter 31 : loss : 0.082974, time: 12.296128]
2021-08-09 14:00:51.433: epoch 31:	0.15222491  	0.14508179  	0.13590154  	0.06054346  	0.08117744  	0.14619079  	0.15929331  	0.16036336  	0.17691512  	0.09116393  	0.08331169  	0.07905075  	0.27925831  	0.28827468  	0.29899612  
2021-08-09 14:01:04.615: [iter 32 : loss : 0.080580, time: 13.181226]
2021-08-09 14:01:07.228: epoch 32:	0.15878235  	0.15180311  	0.13852455  	0.06212025  	0.08598528  	0.15122001  	0.16770661  	0.16895376  	0.18301076  	0.09683527  	0.08820552  	0.08244443  	0.29860252  	0.30581114  	0.31438389  
2021-08-09 14:01:20.182: [iter 33 : loss : 0.078609, time: 12.953441]
2021-08-09 14:01:22.685: epoch 33:	0.15316167  	0.14819659  	0.13418038  	0.06173756  	0.08112271  	0.14153080  	0.16355215  	0.16477391  	0.17652720  	0.09378488  	0.08585383  	0.07974698  	0.29701391  	0.30391288  	0.31191173  
2021-08-09 14:01:35.443: [iter 34 : loss : 0.076428, time: 12.758058]
2021-08-09 14:01:38.024: epoch 34:	0.16721328  	0.16327852  	0.14418028  	0.06607775  	0.09246869  	0.15758766  	0.18130545  	0.18423988  	0.19457297  	0.10488905  	0.09717751  	0.08909876  	0.33447289  	0.34133545  	0.35024798  
2021-08-09 14:01:50.398: [iter 35 : loss : 0.074877, time: 12.374096]
2021-08-09 14:01:53.058: epoch 35:	0.15456693  	0.14983597  	0.13942616  	0.06250505  	0.08411223  	0.15047553  	0.16278623  	0.16529749  	0.18177839  	0.09167732  	0.08437560  	0.08089511  	0.29133859  	0.29860184  	0.30807751  
2021-08-09 14:02:05.909: [iter 36 : loss : 0.073269, time: 12.851030]
2021-08-09 14:02:08.536: epoch 36:	0.15925074  	0.15245883  	0.13991798  	0.06108968  	0.08421168  	0.14980850  	0.16665599  	0.16753280  	0.18174782  	0.09419748  	0.08579165  	0.08005622  	0.29440272  	0.30356491  	0.31267232  
2021-08-09 14:02:20.873: [iter 37 : loss : 0.072586, time: 12.337433]
2021-08-09 14:02:23.224: epoch 37:	0.15878232  	0.14967202  	0.13819671  	0.06617253  	0.08561642  	0.15192258  	0.16501065  	0.16459793  	0.17999840  	0.09375843  	0.08454075  	0.07982322  	0.28496480  	0.29351223  	0.30323431  
2021-08-09 14:02:35.649: [iter 38 : loss : 0.070444, time: 12.424765]
2021-08-09 14:02:38.038: epoch 38:	0.15925066  	0.15508182  	0.13713115  	0.06674739  	0.08885048  	0.15253627  	0.16754411  	0.17108265  	0.18291037  	0.09467606  	0.08852321  	0.08292713  	0.29571816  	0.30370542  	0.31193382  
2021-08-09 14:02:50.224: [iter 39 : loss : 0.068202, time: 12.185374]
2021-08-09 14:02:52.553: epoch 39:	0.15737724  	0.14918016  	0.13827869  	0.06203028  	0.08424201  	0.15235487  	0.16335775  	0.16391824  	0.18013427  	0.09178216  	0.08346272  	0.07966772  	0.28651825  	0.29480609  	0.30395862  
2021-08-09 14:03:04.629: [iter 40 : loss : 0.067111, time: 12.076044]
2021-08-09 14:03:07.234: epoch 40:	0.17025776  	0.16131125  	0.14352460  	0.07144073  	0.09349278  	0.15445885  	0.17723127  	0.17776532  	0.18969728  	0.10219233  	0.09355050  	0.08787528  	0.30160800  	0.30975473  	0.31812769  
2021-08-09 14:03:19.432: [iter 41 : loss : 0.066103, time: 12.198125]
2021-08-09 14:03:21.960: epoch 41:	0.14519912  	0.14360642  	0.13262290  	0.05901479  	0.08422240  	0.14790636  	0.15152796  	0.15672812  	0.17333327  	0.08278593  	0.07837824  	0.07651856  	0.27003884  	0.27881396  	0.28820422  
2021-08-09 14:03:34.096: [iter 42 : loss : 0.065518, time: 12.135335]
2021-08-09 14:03:36.753: epoch 42:	0.15409850  	0.15196700  	0.13704917  	0.06590972  	0.09045619  	0.14850830  	0.16556375  	0.16984704  	0.18241271  	0.09400895  	0.08856222  	0.08379848  	0.30428165  	0.31363055  	0.32243478  
2021-08-09 14:03:49.018: [iter 43 : loss : 0.064259, time: 12.264794]
2021-08-09 14:03:51.380: epoch 43:	0.16065589  	0.15393420  	0.13877049  	0.06484537  	0.08858950  	0.14929445  	0.16658196  	0.16890627  	0.18193860  	0.09427680  	0.08713242  	0.08245192  	0.29129186  	0.30005783  	0.30868515  
2021-08-09 14:04:04.099: [iter 44 : loss : 0.063219, time: 12.719391]
2021-08-09 14:04:06.700: epoch 44:	0.16463713  	0.15999980  	0.14008196  	0.06740618  	0.09141880  	0.15135002  	0.17174979  	0.17496046  	0.18533963  	0.09976161  	0.09284783  	0.08618922  	0.29517552  	0.30432400  	0.31286395  
2021-08-09 14:04:19.279: [iter 45 : loss : 0.062533, time: 12.579370]
2021-08-09 14:04:21.689: epoch 45:	0.14496495  	0.14377025  	0.13139340  	0.06097572  	0.08293572  	0.14389229  	0.15048561  	0.15569477  	0.17096093  	0.08430529  	0.07948688  	0.07639810  	0.26374310  	0.27316031  	0.28327391  
2021-08-09 14:04:34.195: [iter 46 : loss : 0.062200, time: 12.505622]
2021-08-09 14:04:36.517: epoch 46:	0.15597205  	0.15524566  	0.13729510  	0.06179237  	0.08657334  	0.14885281  	0.16280776  	0.16843066  	0.17985700  	0.09247464  	0.08698700  	0.08104812  	0.28698272  	0.29586715  	0.30456960  
2021-08-09 14:04:48.457: [iter 47 : loss : 0.060746, time: 11.939181]
2021-08-09 14:04:51.074: epoch 47:	0.15784559  	0.15540960  	0.14065580  	0.06445774  	0.08989608  	0.15290022  	0.16722141  	0.17190817  	0.18595797  	0.09463491  	0.08976132  	0.08515900  	0.29888746  	0.30744398  	0.31695890  
2021-08-09 14:05:03.703: [iter 48 : loss : 0.059902, time: 12.628221]
2021-08-09 14:05:06.107: epoch 48:	0.16463719  	0.15786864  	0.14106561  	0.06490757  	0.08762270  	0.15459074  	0.17207126  	0.17327714  	0.18630464  	0.09801670  	0.08955785  	0.08338790  	0.30737689  	0.31616110  	0.32508796  
2021-08-09 14:05:17.973: [iter 49 : loss : 0.059574, time: 11.865414]
2021-08-09 14:05:20.316: epoch 49:	0.15433273  	0.15065561  	0.13885251  	0.06220834  	0.08515000  	0.15360507  	0.16011146  	0.16387914  	0.18111384  	0.08963566  	0.08382095  	0.08109815  	0.28328246  	0.29142001  	0.30157620  
2021-08-09 14:05:32.854: [iter 50 : loss : 0.058354, time: 12.538034]
2021-08-09 14:05:35.613: epoch 50:	0.15316169  	0.14360636  	0.13377045  	0.05914541  	0.07810460  	0.14713831  	0.16025423  	0.15948540  	0.17619641  	0.09021919  	0.08274245  	0.07852513  	0.28697109  	0.29309136  	0.30310550  
