2021-08-07 14:20:32.456: Dataset name: ml-latest
The number of users: 610
The number of items: 9724
The number of ratings: 100836
Average actions of users: 165.30
Average actions of items: 10.37
The sparsity of the dataset: 98.300032%
2021-08-07 14:20:32.457: 

NeuRec hyperparameters:
recommender=NeuMF
config_dir=./conf
gpu_id=0
gpu_mem=0.5
data.input.path=dataset
data.input.dataset=ml-latest
data.column.format=UIRT
data.convert.separator=','
user_min=0
item_min=0
splitter=ratio
ratio=0.8
by_time=False
metric=["Precision", "Recall", "NDCG", "MAP", "MRR"]
topk=[7, 10, 20]
group_view=None
rec.evaluate.neg=0
test_batch_size=128
num_thread=8

NeuMF's hyperparameters:
epochs=100
batch_size=256
embedding_size=16
layers=[64,32,16]
reg_mf=0
reg_mlp=0
is_pairwise=False
num_neg=4
loss_function=cross_entropy
learning_rate=0.001
learner=adam
init_method=normal
stddev=0.01
verbose=1
mf_pretrain=pretrain/GMF
mlp_pretrain=pretrain/MLP

2021-08-07 14:20:32.460: load pretrained params unsuccessful!
2021-08-07 14:20:32.950: metrics:	Precision@7 	Precision@10	Precision@20	Recall@7    	Recall@10   	Recall@20   	NDCG@7      	NDCG@10     	NDCG@20     	MAP@7       	MAP@10      	MAP@20      	MRR@7       	MRR@10      	MRR@20      
2021-08-07 14:20:46.693: [iter 1 : loss : 0.530870, time: 13.713120]
2021-08-07 14:20:49.202: epoch 1:	0.16135851  	0.14786862  	0.11999991  	0.05291732  	0.06582936  	0.09967267  	0.18222727  	0.17461568  	0.16482554  	0.11414710  	0.09942105  	0.07840892  	0.34248224  	0.35077468  	0.35815755  
2021-08-07 14:21:01.476: [iter 2 : loss : 0.344958, time: 12.273905]
2021-08-07 14:21:03.782: epoch 2:	0.16627657  	0.14852437  	0.12155734  	0.05380419  	0.06749780  	0.10355924  	0.18347487  	0.17355880  	0.16483068  	0.11502268  	0.09838059  	0.07758073  	0.33628011  	0.34259161  	0.34964922  
2021-08-07 14:21:16.017: [iter 3 : loss : 0.328334, time: 12.234924]
2021-08-07 14:21:18.318: epoch 3:	0.15971921  	0.14573748  	0.12557369  	0.05158824  	0.06391995  	0.11010143  	0.17840974  	0.17042814  	0.16795719  	0.11075997  	0.09627505  	0.07754052  	0.33376649  	0.34001431  	0.35028329  
2021-08-07 14:21:30.189: [iter 4 : loss : 0.322336, time: 11.871586]
2021-08-07 14:21:32.818: epoch 4:	0.17049204  	0.15540953  	0.12483604  	0.05503366  	0.07218464  	0.11034111  	0.18749082  	0.17989209  	0.17056210  	0.11746299  	0.10163189  	0.08063550  	0.33971101  	0.34754360  	0.35472482  
2021-08-07 14:21:44.752: [iter 5 : loss : 0.318181, time: 11.934147]
2021-08-07 14:21:47.060: epoch 5:	0.16791585  	0.15278661  	0.12967218  	0.05342467  	0.06728288  	0.11161830  	0.18083476  	0.17327654  	0.16986586  	0.11130872  	0.09801622  	0.07926620  	0.32382500  	0.33007732  	0.33904406  
2021-08-07 14:21:58.936: [iter 6 : loss : 0.311815, time: 11.875688]
2021-08-07 14:22:01.259: epoch 6:	0.17541005  	0.15819646  	0.12885243  	0.05529129  	0.06973550  	0.10615315  	0.19357719  	0.18412107  	0.17462774  	0.12109195  	0.10484593  	0.08388930  	0.35286862  	0.36027309  	0.36690658  
2021-08-07 14:22:13.144: [iter 7 : loss : 0.300049, time: 11.885414]
2021-08-07 14:22:15.617: epoch 7:	0.16791591  	0.15458998  	0.13327864  	0.05146864  	0.06494597  	0.11038768  	0.18018149  	0.17357196  	0.17110384  	0.11075699  	0.09843939  	0.08028126  	0.32001552  	0.32578969  	0.33523852  
2021-08-07 14:22:27.911: [iter 8 : loss : 0.286520, time: 12.293657]
2021-08-07 14:22:30.226: epoch 8:	0.18313845  	0.16950798  	0.14114761  	0.05476142  	0.07266868  	0.11717261  	0.20092881  	0.19379960  	0.18624513  	0.12711182  	0.11175696  	0.08984657  	0.36021841  	0.36671671  	0.37553397  
2021-08-07 14:22:42.146: [iter 9 : loss : 0.272820, time: 11.919744]
2021-08-07 14:22:44.624: epoch 9:	0.18173333  	0.16622926  	0.14295085  	0.05616805  	0.07210523  	0.12047393  	0.19947812  	0.19113162  	0.18770085  	0.12665354  	0.11002024  	0.08982246  	0.36046436  	0.36715385  	0.37585992  
2021-08-07 14:22:56.477: [iter 10 : loss : 0.259423, time: 11.852921]
2021-08-07 14:22:58.802: epoch 10:	0.18196744  	0.16934404  	0.14647551  	0.05850574  	0.07538626  	0.12409241  	0.20348346  	0.19686016  	0.19359048  	0.12739217  	0.11203977  	0.09292934  	0.37475002  	0.38158065  	0.38917276  
2021-08-07 14:23:10.896: [iter 11 : loss : 0.246127, time: 12.093919]
2021-08-07 14:23:13.230: epoch 11:	0.19578485  	0.18311445  	0.15590167  	0.06202422  	0.08159280  	0.13434425  	0.20982178  	0.20409426  	0.20105715  	0.13242951  	0.11719098  	0.09718052  	0.36370397  	0.37155467  	0.37930751  
2021-08-07 14:23:25.342: [iter 12 : loss : 0.234945, time: 12.111375]
2021-08-07 14:23:27.775: epoch 12:	0.20562086  	0.18606550  	0.15762298  	0.06463829  	0.08304776  	0.13622354  	0.22570048  	0.21478641  	0.20957214  	0.14488700  	0.12551446  	0.10292688  	0.39545265  	0.40112215  	0.40916845  
2021-08-07 14:23:40.026: [iter 13 : loss : 0.224079, time: 12.250576]
2021-08-07 14:23:42.327: epoch 13:	0.20726027  	0.19229496  	0.16180338  	0.06758384  	0.08682675  	0.13991475  	0.22690707  	0.21917710  	0.21374382  	0.14473389  	0.12789048  	0.10551101  	0.39682257  	0.40292007  	0.41036054  
2021-08-07 14:23:54.503: [iter 14 : loss : 0.213755, time: 12.175319]
2021-08-07 14:23:56.981: epoch 14:	0.22154596  	0.20016380  	0.16352463  	0.07500032  	0.09455465  	0.14472623  	0.24048559  	0.22965553  	0.22083279  	0.15719552  	0.13638587  	0.11163907  	0.40326288  	0.41045791  	0.41556981  
2021-08-07 14:24:08.881: [iter 15 : loss : 0.203851, time: 11.899567]
2021-08-07 14:24:11.225: epoch 15:	0.22084337  	0.20278676  	0.17008202  	0.07463169  	0.09585968  	0.15324627  	0.23983659  	0.23140049  	0.22636488  	0.15713805  	0.13846853  	0.11438014  	0.40485141  	0.41063020  	0.41757709  
2021-08-07 14:24:23.668: [iter 16 : loss : 0.194997, time: 12.442959]
2021-08-07 14:24:26.258: epoch 16:	0.22131188  	0.20114745  	0.16909845  	0.07615864  	0.09350249  	0.15138061  	0.24639180  	0.23531191  	0.22938980  	0.16100533  	0.14077502  	0.11626149  	0.42891076  	0.43303642  	0.44044656  
2021-08-07 14:25:20.882: [iter 17 : loss : 0.187163, time: 54.623941]
2021-08-07 14:25:23.293: epoch 17:	0.22529300  	0.20983586  	0.17483614  	0.07680348  	0.09818247  	0.15994431  	0.24651372  	0.23957992  	0.23493728  	0.16158065  	0.14389332  	0.12017047  	0.41705668  	0.42200214  	0.42923215  
2021-08-07 14:25:35.265: [iter 18 : loss : 0.180490, time: 11.972171]
2021-08-07 14:25:37.599: epoch 18:	0.22669813  	0.20672113  	0.17295085  	0.07998462  	0.09868836  	0.15964241  	0.25070062  	0.23989488  	0.23490961  	0.16451025  	0.14397091  	0.11950132  	0.42884442  	0.43467784  	0.44143432  
2021-08-07 14:25:49.573: [iter 19 : loss : 0.173993, time: 11.973298]
2021-08-07 14:25:52.033: epoch 19:	0.22763501  	0.20934410  	0.17336075  	0.07817726  	0.10097570  	0.16144410  	0.24851547  	0.23958047  	0.23431246  	0.16269530  	0.14307593  	0.11884827  	0.41797411  	0.42436305  	0.43075472  
2021-08-07 14:26:04.256: [iter 20 : loss : 0.168509, time: 12.222408]
2021-08-07 14:26:06.568: epoch 20:	0.22740076  	0.20836046  	0.17754108  	0.08103766  	0.10286489  	0.16550559  	0.24779426  	0.23879375  	0.23751920  	0.15855302  	0.13953102  	0.11997692  	0.41968754  	0.42601734  	0.43208084  
2021-08-07 14:26:18.694: [iter 21 : loss : 0.163183, time: 12.125146]
2021-08-07 14:26:21.230: epoch 21:	0.22552720  	0.20819649  	0.17754111  	0.07946612  	0.10215485  	0.16739060  	0.24479569  	0.23682891  	0.23683466  	0.15592751  	0.13857111  	0.11869613  	0.41766569  	0.42251542  	0.42885783  
2021-08-07 14:26:33.426: [iter 22 : loss : 0.159685, time: 12.195484]
2021-08-07 14:26:35.822: epoch 22:	0.22880584  	0.21295066  	0.17827873  	0.08425596  	0.10831881  	0.16803055  	0.25182131  	0.24439803  	0.24066913  	0.15927063  	0.14165293  	0.12094881  	0.43786472  	0.44364798  	0.44858724  
2021-08-07 14:26:48.362: [iter 23 : loss : 0.154863, time: 12.539942]
2021-08-07 14:26:50.689: epoch 23:	0.22950847  	0.20737672  	0.17565566  	0.08136490  	0.10351154  	0.16802010  	0.24999554  	0.23835129  	0.23694924  	0.16068879  	0.14001173  	0.11876387  	0.42556962  	0.42996407  	0.43660548  
2021-08-07 14:27:03.008: [iter 24 : loss : 0.151035, time: 12.318735]
2021-08-07 14:27:05.289: epoch 24:	0.22740076  	0.21508177  	0.18016401  	0.08444244  	0.10905816  	0.17278051  	0.24478425  	0.24095176  	0.23969887  	0.15436082  	0.13939628  	0.12022611  	0.41354385  	0.42032900  	0.42657530  
2021-08-07 14:27:18.282: [iter 25 : loss : 0.147885, time: 12.992422]
2021-08-07 14:27:20.663: epoch 25:	0.22248253  	0.20885229  	0.17762308  	0.07897437  	0.10290287  	0.17135167  	0.24340518  	0.23721859  	0.23711890  	0.15498865  	0.13814458  	0.11758343  	0.42037845  	0.42709520  	0.43403971  
2021-08-07 14:27:33.286: [iter 26 : loss : 0.144944, time: 12.623491]
2021-08-07 14:27:35.658: epoch 26:	0.22435620  	0.20950796  	0.17844264  	0.08192579  	0.10603482  	0.17308782  	0.24594957  	0.23939879  	0.23988052  	0.15432790  	0.13722186  	0.11957456  	0.42887965  	0.43518201  	0.44022888  
2021-08-07 14:27:48.296: [iter 27 : loss : 0.142744, time: 12.638429]
2021-08-07 14:27:50.870: epoch 27:	0.23302124  	0.21458995  	0.17704920  	0.08644275  	0.11055116  	0.17533031  	0.25199533  	0.24406891  	0.24066527  	0.15986863  	0.14165454  	0.12020953  	0.42821601  	0.43254671  	0.43817899  
2021-08-07 14:28:03.997: [iter 28 : loss : 0.139139, time: 13.127182]
2021-08-07 14:28:06.569: epoch 28:	0.22950841  	0.21065544  	0.17581983  	0.08332080  	0.10734228  	0.17354800  	0.25116518  	0.24215400  	0.24005905  	0.15943006  	0.14065991  	0.11978102  	0.43233383  	0.43694684  	0.44262561  
2021-08-07 14:28:19.393: [iter 29 : loss : 0.136869, time: 12.823892]
2021-08-07 14:28:22.026: epoch 29:	0.22341949  	0.20836037  	0.17598377  	0.08005990  	0.10488908  	0.17206870  	0.24343665  	0.23724237  	0.23710835  	0.15356110  	0.13645470  	0.11700203  	0.41964069  	0.42565629  	0.43169975  
2021-08-07 14:28:34.641: [iter 30 : loss : 0.134709, time: 12.614787]
2021-08-07 14:28:37.094: epoch 30:	0.21756467  	0.20458995  	0.17483611  	0.07868451  	0.10410175  	0.17554545  	0.24018480  	0.23464708  	0.23689322  	0.15078232  	0.13464588  	0.11621957  	0.42264625  	0.42894867  	0.43585470  
2021-08-07 14:28:49.870: [iter 31 : loss : 0.132949, time: 12.775680]
2021-08-07 14:28:52.379: epoch 31:	0.21779893  	0.20360634  	0.17524596  	0.07811276  	0.10357510  	0.17519623  	0.23542298  	0.23026651  	0.23402622  	0.14608522  	0.13036326  	0.11375433  	0.40895763  	0.41519174  	0.42177418  
2021-08-07 14:29:05.539: [iter 32 : loss : 0.131892, time: 13.160368]
2021-08-07 14:29:08.009: epoch 32:	0.21826720  	0.20065545  	0.17327870  	0.07814964  	0.10153238  	0.17196169  	0.23676024  	0.22887999  	0.23287041  	0.14653614  	0.12972911  	0.11365891  	0.41220123  	0.41773412  	0.42381993  
2021-08-07 14:29:20.712: [iter 33 : loss : 0.129789, time: 12.702586]
2021-08-07 14:29:23.121: epoch 33:	0.21967228  	0.20262277  	0.17237709  	0.08079631  	0.10478383  	0.17528684  	0.23949870  	0.23195513  	0.23421323  	0.15051055  	0.13222092  	0.11403070  	0.41525355  	0.42166078  	0.42953205  
2021-08-07 14:29:35.896: [iter 34 : loss : 0.127466, time: 12.775509]
2021-08-07 14:29:38.309: epoch 34:	0.21358339  	0.20065551  	0.17278688  	0.07633869  	0.10378645  	0.17169325  	0.23692809  	0.23197129  	0.23429859  	0.14874674  	0.13202478  	0.11473054  	0.42377809  	0.43187466  	0.43832856  
2021-08-07 14:29:51.161: [iter 35 : loss : 0.126277, time: 12.852198]
2021-08-07 14:29:53.714: epoch 35:	0.22178012  	0.20524555  	0.17393444  	0.08062601  	0.10315815  	0.17591962  	0.24269614  	0.23533936  	0.23744836  	0.15331851  	0.13629408  	0.11699044  	0.42460167  	0.43020284  	0.43780479  
2021-08-07 14:30:06.547: [iter 36 : loss : 0.124694, time: 12.832286]
2021-08-07 14:30:09.111: epoch 36:	0.22365360  	0.20229484  	0.17459029  	0.08315707  	0.10461597  	0.17331801  	0.24375668  	0.23356283  	0.23670016  	0.15451570  	0.13470455  	0.11711032  	0.41960949  	0.42607591  	0.43317851  
2021-08-07 14:30:22.139: [iter 37 : loss : 0.124193, time: 13.026938]
2021-08-07 14:30:24.770: epoch 37:	0.21592529  	0.19803256  	0.17155750  	0.07907218  	0.10111092  	0.17142542  	0.23473406  	0.22675301  	0.23106754  	0.14670521  	0.12916552  	0.11273536  	0.40683427  	0.41419771  	0.42072085  
2021-08-07 14:30:37.474: [iter 38 : loss : 0.122556, time: 12.703978]
2021-08-07 14:30:39.861: epoch 38:	0.21896975  	0.20163912  	0.17393450  	0.07927869  	0.10381129  	0.17363665  	0.23619355  	0.22949301  	0.23373306  	0.14913835  	0.13163234  	0.11509751  	0.40254861  	0.40932006  	0.41618046  
2021-08-07 14:30:52.837: [iter 39 : loss : 0.120639, time: 12.975619]
2021-08-07 14:30:55.228: epoch 39:	0.21428600  	0.19950795  	0.16737708  	0.08058132  	0.10516824  	0.16843736  	0.23472933  	0.22919807  	0.22904678  	0.14578246  	0.12996079  	0.11137171  	0.40954706  	0.41701981  	0.42220488  
2021-08-07 14:31:08.278: [iter 40 : loss : 0.119543, time: 13.049620]
2021-08-07 14:31:10.746: epoch 40:	0.21733049  	0.20147517  	0.17024586  	0.08296490  	0.10682505  	0.16959985  	0.23396298  	0.22818141  	0.22945470  	0.14350232  	0.12805712  	0.11206970  	0.40197870  	0.40810356  	0.41294572  
2021-08-07 14:31:23.808: [iter 41 : loss : 0.119012, time: 13.062217]
2021-08-07 14:31:26.205: epoch 41:	0.22224844  	0.20180307  	0.17000009  	0.08341066  	0.10451809  	0.17261179  	0.23819792  	0.22938983  	0.23120986  	0.14947593  	0.13168885  	0.11457427  	0.40047604  	0.40565372  	0.41297248  
2021-08-07 14:31:39.342: [iter 42 : loss : 0.117957, time: 13.136872]
2021-08-07 14:31:41.829: epoch 42:	0.21194398  	0.19606546  	0.16778693  	0.08035751  	0.10453006  	0.16965714  	0.22931348  	0.22340445  	0.22678740  	0.14139093  	0.12584519  	0.11091755  	0.39305988  	0.39976302  	0.40616065  
2021-08-07 14:31:54.629: [iter 43 : loss : 0.117008, time: 12.799984]
2021-08-07 14:31:57.085: epoch 43:	0.21311490  	0.19704899  	0.16811477  	0.07743210  	0.10225995  	0.16874334  	0.22940794  	0.22324441  	0.22585222  	0.14297761  	0.12646092  	0.11014061  	0.39154157  	0.39835858  	0.40546420  
2021-08-07 14:32:10.141: [iter 44 : loss : 0.116398, time: 13.055900]
2021-08-07 14:32:12.625: epoch 44:	0.20772851  	0.19524574  	0.16803288  	0.07932858  	0.10221341  	0.16974403  	0.22718066  	0.22274438  	0.22645657  	0.14288987  	0.12749653  	0.11113387  	0.38944173  	0.39550740  	0.40316674  
2021-08-07 14:32:25.395: [iter 45 : loss : 0.115341, time: 12.769588]
2021-08-07 14:32:27.795: epoch 45:	0.20023435  	0.18639319  	0.16614743  	0.07643108  	0.10056929  	0.16936252  	0.22137929  	0.21647339  	0.22460747  	0.13728757  	0.12156921  	0.10854951  	0.39186165  	0.39919776  	0.40675414  
2021-08-07 14:32:41.281: [iter 46 : loss : 0.113442, time: 13.485906]
2021-08-07 14:32:43.891: epoch 46:	0.20913367  	0.19409819  	0.16655743  	0.08050243  	0.10299832  	0.16827734  	0.22779991  	0.22219588  	0.22603135  	0.14212048  	0.12629457  	0.11008187  	0.39209980  	0.40060627  	0.40824151  
2021-08-07 14:32:57.297: [iter 47 : loss : 0.112965, time: 13.406384]
2021-08-07 14:32:59.730: epoch 47:	0.20140542  	0.18573754  	0.16008194  	0.07480311  	0.09855492  	0.16178003  	0.21813832  	0.21218750  	0.21630429  	0.13419843  	0.11830579  	0.10329378  	0.37744325  	0.38395977  	0.39146748  
2021-08-07 14:33:12.678: [iter 48 : loss : 0.112278, time: 12.947603]
2021-08-07 14:33:15.204: epoch 48:	0.19812657  	0.18639328  	0.16311479  	0.07302134  	0.09959032  	0.16684932  	0.21690404  	0.21377349  	0.22026774  	0.13272868  	0.11862103  	0.10579477  	0.37950411  	0.38836581  	0.39540848  
2021-08-07 14:33:28.251: [iter 49 : loss : 0.111554, time: 13.047605]
2021-08-07 14:33:30.763: epoch 49:	0.19906339  	0.18524568  	0.16114758  	0.07790525  	0.10093829  	0.16498685  	0.21550478  	0.21119995  	0.21758904  	0.13051447  	0.11635074  	0.10406135  	0.37472668  	0.38250449  	0.39007547  
2021-08-07 14:33:44.050: [iter 50 : loss : 0.110544, time: 13.286798]
2021-08-07 14:33:46.510: epoch 50:	0.19976600  	0.18950804  	0.16491805  	0.07460807  	0.10287660  	0.17351869  	0.21407963  	0.21252729  	0.22110549  	0.12917368  	0.11647733  	0.10504617  	0.36987105  	0.37817261  	0.38522032  
2021-08-07 14:33:59.429: [iter 51 : loss : 0.110085, time: 12.919754]
2021-08-07 14:34:02.028: epoch 51:	0.20117114  	0.18508175  	0.16221319  	0.07758563  	0.10004418  	0.16815023  	0.21730562  	0.21133739  	0.21884428  	0.13188542  	0.11619314  	0.10365275  	0.37942207  	0.38617536  	0.39379007  
2021-08-07 14:34:15.608: [iter 52 : loss : 0.109313, time: 13.579924]
2021-08-07 14:34:18.146: epoch 52:	0.19367696  	0.18262273  	0.15934436  	0.07409184  	0.09781956  	0.16384561  	0.20947208  	0.20682248  	0.21385635  	0.12702759  	0.11333729  	0.10044919  	0.36874694  	0.37758130  	0.38556558  
2021-08-07 14:34:31.054: [iter 53 : loss : 0.109443, time: 12.907782]
2021-08-07 14:34:33.523: epoch 53:	0.20070277  	0.19327848  	0.16311476  	0.07670233  	0.10484967  	0.16422011  	0.21660735  	0.21675098  	0.21838935  	0.13255651  	0.12052134  	0.10477064  	0.37491009  	0.38409504  	0.38986838  
2021-08-07 14:34:46.500: [iter 54 : loss : 0.108042, time: 12.976725]
2021-08-07 14:34:48.893: epoch 54:	0.20281053  	0.19245884  	0.16426232  	0.07654539  	0.10223587  	0.16702765  	0.22093278  	0.21868259  	0.22207280  	0.13769059  	0.12323761  	0.10742217  	0.38147914  	0.39062318  	0.39801604  
2021-08-07 14:35:02.022: [iter 55 : loss : 0.107723, time: 13.128416]
2021-08-07 14:35:04.689: epoch 55:	0.20468400  	0.18852431  	0.16319676  	0.08106852  	0.10234559  	0.16985597  	0.21884291  	0.21331982  	0.21973452  	0.13469481  	0.11954843  	0.10503330  	0.37130347  	0.37845746  	0.38694140  
2021-08-07 14:35:18.826: [iter 56 : loss : 0.107526, time: 14.136608]
2021-08-07 14:35:21.379: epoch 56:	0.19203766  	0.18557353  	0.16024587  	0.07335851  	0.09718464  	0.16771813  	0.20702715  	0.20744571  	0.21456249  	0.12450401  	0.11424853  	0.10110714  	0.36211541  	0.36984771  	0.37762871  
2021-08-07 14:35:35.272: [iter 57 : loss : 0.106837, time: 13.893489]
2021-08-07 14:35:37.898: epoch 57:	0.19601898  	0.17950799  	0.15647545  	0.07456009  	0.09404232  	0.15929282  	0.20879719  	0.20259278  	0.20895420  	0.12487487  	0.11101329  	0.09726783  	0.36382481  	0.36955351  	0.37733686  
2021-08-07 14:35:51.388: [iter 58 : loss : 0.105888, time: 13.490214]
2021-08-07 14:35:54.117: epoch 58:	0.19203766  	0.18262276  	0.15688533  	0.07330800  	0.09684847  	0.16384400  	0.20621818  	0.20478714  	0.21096972  	0.12285293  	0.11147159  	0.09810539  	0.36463687  	0.37195018  	0.38049546  
2021-08-07 14:36:08.046: [iter 59 : loss : 0.105578, time: 13.928766]
2021-08-07 14:36:10.765: epoch 59:	0.19297446  	0.18163906  	0.15622960  	0.07334104  	0.09840530  	0.16429476  	0.20475082  	0.20300435  	0.20971450  	0.12311243  	0.11113186  	0.09849716  	0.35148296  	0.36079547  	0.36796966  
2021-08-07 14:36:25.547: [iter 60 : loss : 0.104976, time: 14.781120]
2021-08-07 14:36:28.394: epoch 60:	0.19133513  	0.18032759  	0.15762296  	0.07725856  	0.10016202  	0.16567087  	0.20514320  	0.20349188  	0.21195483  	0.12326068  	0.11177830  	0.09995789  	0.35605755  	0.36388546  	0.37201440  
2021-08-07 14:36:42.621: [iter 61 : loss : 0.104843, time: 14.226962]
2021-08-07 14:36:45.385: epoch 61:	0.19555061  	0.18278663  	0.15581967  	0.07471014  	0.09756059  	0.16002269  	0.20974417  	0.20631255  	0.21020155  	0.12752844  	0.11479432  	0.09958892  	0.36637759  	0.37195137  	0.38084239  
2021-08-07 14:36:59.228: [iter 62 : loss : 0.104375, time: 13.842766]
2021-08-07 14:37:01.815: epoch 62:	0.19437963  	0.18049157  	0.15524597  	0.07447716  	0.09808010  	0.16074167  	0.20709209  	0.20326705  	0.20926887  	0.12485684  	0.11160291  	0.09881464  	0.35908252  	0.36589494  	0.37335297  
2021-08-07 14:37:15.813: [iter 63 : loss : 0.104919, time: 13.997826]
2021-08-07 14:37:18.416: epoch 63:	0.19555061  	0.18278661  	0.15614757  	0.07618050  	0.09999843  	0.16304195  	0.20869118  	0.20579165  	0.21092291  	0.12568365  	0.11375796  	0.10060367  	0.36228311  	0.36840791  	0.37568581  
2021-08-07 14:37:32.338: [iter 64 : loss : 0.103840, time: 13.921404]
2021-08-07 14:37:34.994: epoch 64:	0.19180346  	0.17934400  	0.15647544  	0.07426058  	0.09599964  	0.16064921  	0.20384452  	0.20101501  	0.20854928  	0.12422860  	0.11147428  	0.09908804  	0.34907863  	0.35626450  	0.36471596  
2021-08-07 14:37:49.301: [iter 65 : loss : 0.102730, time: 14.307216]
2021-08-07 14:37:52.024: epoch 65:	0.18477766  	0.17770468  	0.15713117  	0.06826905  	0.09441072  	0.16148444  	0.19940379  	0.19946967  	0.20899835  	0.12249421  	0.10994742  	0.09928904  	0.34546429  	0.35630682  	0.36458915  
2021-08-07 14:38:05.909: [iter 66 : loss : 0.102114, time: 13.885298]
2021-08-07 14:38:08.725: epoch 66:	0.18524610  	0.17852437  	0.15475415  	0.06916095  	0.09337284  	0.15519302  	0.20006359  	0.20049582  	0.20640674  	0.11946003  	0.10954591  	0.09683674  	0.35329413  	0.36156377  	0.36886805  
2021-08-07 14:38:22.539: [iter 67 : loss : 0.102294, time: 13.813858]
2021-08-07 14:38:25.205: epoch 67:	0.18313828  	0.17852436  	0.15385251  	0.07067376  	0.09855495  	0.15851933  	0.19830021  	0.20070125  	0.20650239  	0.11854190  	0.10922121  	0.09708214  	0.35469148  	0.36333460  	0.37043989  
2021-08-07 14:38:38.925: [iter 68 : loss : 0.102915, time: 13.719991]
2021-08-07 14:38:41.695: epoch 68:	0.18196741  	0.17360628  	0.14983609  	0.06942449  	0.09304293  	0.15130857  	0.19498903  	0.19476707  	0.20013230  	0.11520548  	0.10565071  	0.09316499  	0.34416446  	0.35160080  	0.35958213  
2021-08-07 14:38:55.352: [iter 69 : loss : 0.101742, time: 13.651759]
2021-08-07 14:38:58.039: epoch 69:	0.18548036  	0.17524560  	0.15147538  	0.07160888  	0.09656270  	0.15799382  	0.19580214  	0.19481786  	0.20125487  	0.11466735  	0.10455479  	0.09233071  	0.33971485  	0.34613112  	0.35384348  
2021-08-07 14:39:11.727: [iter 70 : loss : 0.101094, time: 13.687216]
2021-08-07 14:39:14.376: epoch 70:	0.18501191  	0.17688499  	0.15221314  	0.06897807  	0.09450314  	0.15787123  	0.19625850  	0.19597325  	0.20139828  	0.11620976  	0.10566901  	0.09225961  	0.34188107  	0.34991398  	0.35756147  
2021-08-07 14:39:28.664: [iter 71 : loss : 0.100240, time: 14.288164]
2021-08-07 14:39:31.434: epoch 71:	0.17494158  	0.16491775  	0.14926225  	0.06542346  	0.08715424  	0.15293920  	0.18801895  	0.18570897  	0.19652370  	0.11017719  	0.09811492  	0.08914983  	0.33772418  	0.34666780  	0.35476381  
2021-08-07 14:39:45.195: [iter 72 : loss : 0.100035, time: 13.760781]
2021-08-07 14:39:48.045: epoch 72:	0.17072614  	0.17049159  	0.15139350  	0.06288824  	0.08865508  	0.15657248  	0.18254933  	0.18689777  	0.19744916  	0.10686801  	0.09888949  	0.08988149  	0.32484376  	0.33400142  	0.34293145  
2021-08-07 14:40:01.601: [iter 73 : loss : 0.099581, time: 13.556281]
2021-08-07 14:40:04.181: epoch 73:	0.18290414  	0.17180310  	0.15245906  	0.06714939  	0.08986070  	0.15588996  	0.19238429  	0.19024992  	0.20023963  	0.11373565  	0.10207205  	0.09217730  	0.32936752  	0.33637121  	0.34551904  
2021-08-07 14:40:18.279: [iter 74 : loss : 0.099086, time: 14.097940]
2021-08-07 14:40:21.049: epoch 74:	0.17868863  	0.17147520  	0.15098359  	0.06632746  	0.08995720  	0.15411164  	0.19036604  	0.19019191  	0.19779047  	0.11225425  	0.10174765  	0.08974291  	0.33280227  	0.34079874  	0.35015121  
2021-08-07 14:40:34.608: [iter 75 : loss : 0.098873, time: 13.559122]
2021-08-07 14:40:37.200: epoch 75:	0.18594863  	0.17327850  	0.15081967  	0.06743491  	0.08932155  	0.15306850  	0.19632414  	0.19275367  	0.19867212  	0.11662434  	0.10460891  	0.09190957  	0.33948082  	0.34685338  	0.35589245  
2021-08-07 14:40:50.753: [iter 76 : loss : 0.099134, time: 13.552478]
2021-08-07 14:40:53.375: epoch 76:	0.17377070  	0.17032759  	0.14508200  	0.06714820  	0.09241604  	0.14873721  	0.18312889  	0.18648401  	0.19141732  	0.10690027  	0.09889501  	0.08760713  	0.32509747  	0.33486536  	0.34256428  
2021-08-07 14:41:07.150: [iter 77 : loss : 0.098011, time: 13.774813]
2021-08-07 14:41:09.982: epoch 77:	0.18407510  	0.17393421  	0.14950821  	0.06826954  	0.09384954  	0.15493588  	0.19425707  	0.19323811  	0.19867794  	0.11606590  	0.10364468  	0.09111815  	0.33648691  	0.34571740  	0.35392568  
2021-08-07 14:41:23.796: [iter 78 : loss : 0.098097, time: 13.813829]
2021-08-07 14:41:26.549: epoch 78:	0.18103068  	0.17557354  	0.15213114  	0.06725301  	0.09511457  	0.15945669  	0.19478624  	0.19659851  	0.20353259  	0.11679759  	0.10633019  	0.09423891  	0.34415290  	0.35469490  	0.36353901  
2021-08-07 14:41:41.117: [iter 79 : loss : 0.097505, time: 14.567737]
2021-08-07 14:41:43.923: epoch 79:	0.17377064  	0.16950798  	0.14918035  	0.06613354  	0.09031458  	0.15464026  	0.18551292  	0.18772660  	0.19656207  	0.10873446  	0.10034637  	0.08934669  	0.33133084  	0.33903134  	0.34860799  
2021-08-07 14:41:57.697: [iter 80 : loss : 0.096989, time: 13.774037]
2021-08-07 14:42:00.478: epoch 80:	0.18103062  	0.17180303  	0.15081967  	0.06974176  	0.09109960  	0.15415573  	0.19197543  	0.19083770  	0.19931392  	0.11180270  	0.10116970  	0.09134275  	0.34058154  	0.34810439  	0.35669795  
2021-08-07 14:42:14.406: [iter 81 : loss : 0.096294, time: 13.928413]
2021-08-07 14:42:17.041: epoch 81:	0.18032800  	0.17131120  	0.14991811  	0.06698488  	0.09067004  	0.15100750  	0.19041727  	0.18973853  	0.19701661  	0.11103583  	0.10030897  	0.09025972  	0.33421537  	0.34278557  	0.35030591  
2021-08-07 14:42:30.856: [iter 82 : loss : 0.096276, time: 13.814967]
2021-08-07 14:42:33.632: epoch 82:	0.17611258  	0.17114733  	0.15139341  	0.06541084  	0.08979576  	0.15545376  	0.18796517  	0.18948393  	0.19838084  	0.11075743  	0.10069668  	0.08984404  	0.33386016  	0.34319541  	0.35203707  
2021-08-07 14:42:47.181: [iter 83 : loss : 0.096387, time: 13.549262]
2021-08-07 14:42:49.796: epoch 83:	0.17330226  	0.16475391  	0.14844261  	0.06266767  	0.08488811  	0.15029787  	0.18533476  	0.18373960  	0.19436494  	0.10885980  	0.09745888  	0.08794854  	0.33371571  	0.34197628  	0.35132769  
2021-08-07 14:43:03.507: [iter 84 : loss : 0.096373, time: 13.710777]
2021-08-07 14:43:06.290: epoch 84:	0.17283395  	0.16360633  	0.14647545  	0.06592033  	0.08456302  	0.15011625  	0.18590090  	0.18371823  	0.19386820  	0.10895288  	0.09773082  	0.08786715  	0.33417618  	0.34164894  	0.35053146  
2021-08-07 14:43:21.319: [iter 85 : loss : 0.095177, time: 15.028779]
2021-08-07 14:43:24.234: epoch 85:	0.17330226  	0.16639324  	0.14901644  	0.06533403  	0.08796956  	0.15067255  	0.18402694  	0.18425931  	0.19366157  	0.10576852  	0.09641518  	0.08704027  	0.33506235  	0.34348226  	0.35150689  
2021-08-07 14:43:38.490: [iter 86 : loss : 0.095240, time: 14.255379]
2021-08-07 14:43:41.148: epoch 86:	0.17728354  	0.17163911  	0.15270497  	0.06508397  	0.09172197  	0.15462080  	0.18918286  	0.19037305  	0.19911045  	0.11321046  	0.10246213  	0.09116020  	0.33389914  	0.34445935  	0.35258377  
2021-08-07 14:43:55.386: [iter 87 : loss : 0.094558, time: 14.238645]
2021-08-07 14:43:58.042: epoch 87:	0.17587838  	0.16868828  	0.14918029  	0.06505135  	0.09037538  	0.14929153  	0.18716499  	0.18758762  	0.19529791  	0.10915640  	0.09895916  	0.08814582  	0.33414909  	0.34366646  	0.35137329  
2021-08-07 14:44:11.982: [iter 88 : loss : 0.094666, time: 13.939925]
2021-08-07 14:44:14.797: epoch 88:	0.16299781  	0.15901615  	0.14409840  	0.06103211  	0.08348247  	0.14534654  	0.17273538  	0.17479028  	0.18562672  	0.09916621  	0.09023314  	0.08134925  	0.30816159  	0.31966892  	0.32833970  
2021-08-07 14:44:28.913: [iter 89 : loss : 0.094137, time: 14.115396]
2021-08-07 14:44:31.651: epoch 89:	0.17096044  	0.16344239  	0.14500001  	0.06426179  	0.08688886  	0.14281432  	0.18062922  	0.18074307  	0.18792418  	0.10201091  	0.09246586  	0.08263166  	0.32843080  	0.33706924  	0.34309202  
2021-08-07 14:44:46.002: [iter 90 : loss : 0.094200, time: 14.351540]
2021-08-07 14:44:48.775: epoch 90:	0.17002359  	0.16196695  	0.14745899  	0.06501029  	0.08486840  	0.14659403  	0.17728484  	0.17694299  	0.18835911  	0.10030746  	0.09005735  	0.08216595  	0.31752127  	0.32589114  	0.33388048  
2021-08-07 14:45:02.521: [iter 91 : loss : 0.093930, time: 13.745976]
2021-08-07 14:45:05.102: epoch 91:	0.16908680  	0.16016369  	0.14737697  	0.06273722  	0.08372513  	0.15010680  	0.18061334  	0.17885703  	0.19052488  	0.10571534  	0.09374864  	0.08356019  	0.32392651  	0.33389476  	0.34277794  
2021-08-07 14:45:18.979: [iter 92 : loss : 0.093017, time: 13.877322]
2021-08-07 14:45:21.468: epoch 92:	0.17259972  	0.16131121  	0.14639336  	0.06428563  	0.08245195  	0.14769639  	0.17976952  	0.17707571  	0.18834558  	0.10245647  	0.09106527  	0.08274005  	0.31837612  	0.32634065  	0.33370718  
2021-08-07 14:45:34.789: [iter 93 : loss : 0.093190, time: 13.320983]
2021-08-07 14:45:37.354: epoch 93:	0.17353645  	0.16606535  	0.14811467  	0.06271298  	0.08727675  	0.15211724  	0.18202361  	0.18239988  	0.19230507  	0.10654437  	0.09639451  	0.08643030  	0.31881332  	0.32819858  	0.33608332  
2021-08-07 14:45:50.854: [iter 94 : loss : 0.091633, time: 13.499156]
2021-08-07 14:45:53.388: epoch 94:	0.16908680  	0.16590144  	0.14983603  	0.06150420  	0.08545141  	0.15548570  	0.17832118  	0.18107137  	0.19362101  	0.10144035  	0.09354690  	0.08588763  	0.32199439  	0.33040071  	0.33902156  
2021-08-07 14:46:06.828: [iter 95 : loss : 0.092303, time: 13.439946]
2021-08-07 14:46:09.407: epoch 95:	0.16627650  	0.16016369  	0.14532782  	0.06083811  	0.08232874  	0.14684440  	0.17552765  	0.17602080  	0.18757571  	0.09910483  	0.09007149  	0.08220514  	0.32001549  	0.32875413  	0.33738366  
2021-08-07 14:46:22.886: [iter 96 : loss : 0.093031, time: 13.478611]
2021-08-07 14:46:25.649: epoch 96:	0.16346619  	0.16245878  	0.14467211  	0.06099493  	0.08499359  	0.15044211  	0.17018960  	0.17485464  	0.18622185  	0.09735560  	0.09055658  	0.08191580  	0.30078453  	0.31082556  	0.32010680  
2021-08-07 14:46:39.160: [iter 97 : loss : 0.092433, time: 13.510774]
2021-08-07 14:46:41.679: epoch 97:	0.17002359  	0.16360633  	0.14467219  	0.06115025  	0.08416931  	0.14738250  	0.17696837  	0.17792971  	0.18706435  	0.10130087  	0.09223832  	0.08219725  	0.31317315  	0.32102841  	0.33017415  
2021-08-07 14:46:55.062: [iter 98 : loss : 0.092052, time: 13.382818]
2021-08-07 14:46:57.697: epoch 98:	0.16651073  	0.16016363  	0.14540984  	0.06326164  	0.08356559  	0.14832911  	0.17533740  	0.17581072  	0.18762018  	0.10024276  	0.09106166  	0.08235137  	0.31464863  	0.32499933  	0.33455524  
2021-08-07 14:47:11.650: [iter 99 : loss : 0.091602, time: 13.952758]
2021-08-07 14:47:14.605: epoch 99:	0.16861850  	0.15754077  	0.14237700  	0.06450071  	0.08383331  	0.14795542  	0.17867438  	0.17573944  	0.18665178  	0.10392883  	0.09136710  	0.08158427  	0.32101464  	0.32973966  	0.33914590  
2021-08-07 14:47:28.769: [iter 100 : loss : 0.091606, time: 14.164592]
2021-08-07 14:47:31.630: epoch 100:	0.17142881  	0.16836046  	0.14680326  	0.06437568  	0.08857924  	0.15227115  	0.18118921  	0.18407845  	0.19269669  	0.10510875  	0.09705958  	0.08658542  	0.32087034  	0.33023292  	0.33896458  
