2021-08-09 14:55:41.606: Dataset name: ml-latest-binary
The number of users: 610
The number of items: 9724
The number of ratings: 100836
Average actions of users: 165.30
Average actions of items: 10.37
The sparsity of the dataset: 98.300032%
2021-08-09 14:55:41.606: 

NeuRec hyperparameters:
recommender=NeuMF
config_dir=./conf
gpu_id=0
gpu_mem=0.5
data.input.path=dataset
data.input.dataset=ml-latest-binary
data.column.format=UIRT
data.convert.separator=','
user_min=0
item_min=0
splitter=ratio
ratio=0.8
by_time=False
metric=["Precision", "Recall", "NDCG", "MAP", "MRR"]
topk=[7, 10, 20]
group_view=None
rec.evaluate.neg=0
test_batch_size=128
num_thread=8

NeuMF's hyperparameters:
epochs=50
batch_size=256
embedding_size=16
layers=[64,32,16]
reg_mf=0
reg_mlp=0
is_pairwise=False
num_neg=4
loss_function=cross_entropy
learning_rate=0.001
learner=adam
init_method=normal
stddev=0.01
verbose=1
mf_pretrain=pretrain/GMF
mlp_pretrain=pretrain/MLP

2021-08-09 14:55:41.608: load pretrained params unsuccessful!
2021-08-09 14:55:42.098: metrics:	Precision@7 	Precision@10	Precision@20	Recall@7    	Recall@10   	Recall@20   	NDCG@7      	NDCG@10     	NDCG@20     	MAP@7       	MAP@10      	MAP@20      	MRR@7       	MRR@10      	MRR@20      
2021-08-09 14:55:55.974: [iter 1 : loss : 0.530870, time: 13.844669]
2021-08-09 14:55:58.766: epoch 1:	0.16135851  	0.14786862  	0.11999991  	0.05291732  	0.06582936  	0.09967267  	0.18222727  	0.17461568  	0.16482554  	0.11414710  	0.09942105  	0.07840892  	0.34248224  	0.35077468  	0.35815755  
2021-08-09 14:56:11.529: [iter 2 : loss : 0.344958, time: 12.761928]
2021-08-09 14:56:13.951: epoch 2:	0.16627657  	0.14852437  	0.12155734  	0.05380419  	0.06749780  	0.10355924  	0.18347487  	0.17355880  	0.16483068  	0.11502268  	0.09838059  	0.07758073  	0.33628011  	0.34259161  	0.34964922  
2021-08-09 14:56:25.959: [iter 3 : loss : 0.328334, time: 12.008259]
2021-08-09 14:56:28.694: epoch 3:	0.15971921  	0.14573748  	0.12557369  	0.05158824  	0.06391995  	0.11010143  	0.17840974  	0.17042814  	0.16795719  	0.11075997  	0.09627505  	0.07754052  	0.33376649  	0.34001431  	0.35028329  
2021-08-09 14:56:40.716: [iter 4 : loss : 0.322336, time: 12.022354]
2021-08-09 14:56:43.287: epoch 4:	0.17049204  	0.15540953  	0.12483604  	0.05503366  	0.07218464  	0.11034111  	0.18749082  	0.17989209  	0.17056210  	0.11746299  	0.10163189  	0.08063550  	0.33971101  	0.34754360  	0.35472482  
2021-08-09 14:56:55.651: [iter 5 : loss : 0.318181, time: 12.364194]
2021-08-09 14:56:58.231: epoch 5:	0.16791585  	0.15278661  	0.12967218  	0.05342467  	0.06728288  	0.11161830  	0.18083476  	0.17327654  	0.16986586  	0.11130872  	0.09801622  	0.07926620  	0.32382500  	0.33007732  	0.33904406  
2021-08-09 14:57:10.156: [iter 6 : loss : 0.311815, time: 11.924990]
2021-08-09 14:57:12.527: epoch 6:	0.17541005  	0.15819646  	0.12885243  	0.05529129  	0.06973550  	0.10615315  	0.19357719  	0.18412107  	0.17462774  	0.12109195  	0.10484593  	0.08388930  	0.35286862  	0.36027309  	0.36690658  
2021-08-09 14:57:24.674: [iter 7 : loss : 0.300049, time: 12.147056]
2021-08-09 14:57:27.022: epoch 7:	0.16791591  	0.15458998  	0.13327864  	0.05146864  	0.06494597  	0.11038768  	0.18018149  	0.17357196  	0.17110384  	0.11075699  	0.09843939  	0.08028126  	0.32001552  	0.32578969  	0.33523852  
2021-08-09 14:57:39.105: [iter 8 : loss : 0.286520, time: 12.082515]
2021-08-09 14:57:41.467: epoch 8:	0.18313845  	0.16950798  	0.14114761  	0.05476142  	0.07266868  	0.11717261  	0.20092881  	0.19379960  	0.18624513  	0.12711182  	0.11175696  	0.08984657  	0.36021841  	0.36671671  	0.37553397  
2021-08-09 14:57:53.629: [iter 9 : loss : 0.272820, time: 12.162034]
2021-08-09 14:57:55.980: epoch 9:	0.18173333  	0.16622926  	0.14295085  	0.05616805  	0.07210523  	0.12047393  	0.19947812  	0.19113162  	0.18770085  	0.12665354  	0.11002024  	0.08982246  	0.36046436  	0.36715385  	0.37585992  
2021-08-09 14:58:07.819: [iter 10 : loss : 0.259423, time: 11.838180]
2021-08-09 14:58:10.356: epoch 10:	0.18196744  	0.16934404  	0.14647551  	0.05850574  	0.07538626  	0.12409241  	0.20348346  	0.19686016  	0.19359048  	0.12739217  	0.11203977  	0.09292934  	0.37475002  	0.38158065  	0.38917276  
2021-08-09 14:58:22.221: [iter 11 : loss : 0.246127, time: 11.864600]
2021-08-09 14:58:24.572: epoch 11:	0.19578485  	0.18311445  	0.15590167  	0.06202422  	0.08159280  	0.13434425  	0.20982178  	0.20409426  	0.20105715  	0.13242951  	0.11719098  	0.09718052  	0.36370397  	0.37155467  	0.37930751  
2021-08-09 14:58:36.602: [iter 12 : loss : 0.234945, time: 12.029687]
2021-08-09 14:58:38.952: epoch 12:	0.20562086  	0.18606550  	0.15762298  	0.06463829  	0.08304776  	0.13622354  	0.22570048  	0.21478641  	0.20957214  	0.14488700  	0.12551446  	0.10292688  	0.39545265  	0.40112215  	0.40916845  
2021-08-09 14:58:51.175: [iter 13 : loss : 0.224079, time: 12.223566]
2021-08-09 14:58:53.536: epoch 13:	0.20726027  	0.19229496  	0.16180338  	0.06758384  	0.08682675  	0.13991475  	0.22690707  	0.21917710  	0.21374382  	0.14473389  	0.12789048  	0.10551101  	0.39682257  	0.40292007  	0.41036054  
2021-08-09 14:59:05.632: [iter 14 : loss : 0.213755, time: 12.096275]
2021-08-09 14:59:07.996: epoch 14:	0.22154596  	0.20016380  	0.16352463  	0.07500032  	0.09455465  	0.14472623  	0.24048559  	0.22965553  	0.22083279  	0.15719552  	0.13638587  	0.11163907  	0.40326288  	0.41045791  	0.41556981  
2021-08-09 14:59:19.872: [iter 15 : loss : 0.203851, time: 11.876357]
2021-08-09 14:59:22.224: epoch 15:	0.22084337  	0.20278676  	0.17008202  	0.07463169  	0.09585968  	0.15324627  	0.23983659  	0.23140049  	0.22636488  	0.15713805  	0.13846853  	0.11438014  	0.40485141  	0.41063020  	0.41757709  
2021-08-09 14:59:35.107: [iter 16 : loss : 0.194997, time: 12.882442]
2021-08-09 14:59:37.488: epoch 16:	0.22131188  	0.20114745  	0.16909845  	0.07615864  	0.09350249  	0.15138061  	0.24639180  	0.23531191  	0.22938980  	0.16100533  	0.14077502  	0.11626149  	0.42891076  	0.43303642  	0.44044656  
2021-08-09 14:59:49.307: [iter 17 : loss : 0.187163, time: 11.818855]
2021-08-09 14:59:51.638: epoch 17:	0.22529300  	0.20983586  	0.17483614  	0.07680348  	0.09818247  	0.15994431  	0.24651372  	0.23957992  	0.23493728  	0.16158065  	0.14389332  	0.12017047  	0.41705668  	0.42200214  	0.42923215  
2021-08-09 15:00:03.704: [iter 18 : loss : 0.180490, time: 12.065591]
2021-08-09 15:00:06.033: epoch 18:	0.22669813  	0.20672113  	0.17295085  	0.07998462  	0.09868836  	0.15964241  	0.25070062  	0.23989488  	0.23490961  	0.16451025  	0.14397091  	0.11950132  	0.42884442  	0.43467784  	0.44143432  
2021-08-09 15:00:18.061: [iter 19 : loss : 0.173993, time: 12.027607]
2021-08-09 15:00:20.437: epoch 19:	0.22763501  	0.20934410  	0.17336075  	0.07817726  	0.10097570  	0.16144410  	0.24851547  	0.23958047  	0.23431246  	0.16269530  	0.14307593  	0.11884827  	0.41797411  	0.42436305  	0.43075472  
2021-08-09 15:00:32.860: [iter 20 : loss : 0.168509, time: 12.423077]
2021-08-09 15:00:35.382: epoch 20:	0.22740076  	0.20836046  	0.17754108  	0.08103766  	0.10286489  	0.16550559  	0.24779426  	0.23879375  	0.23751920  	0.15855302  	0.13953102  	0.11997692  	0.41968754  	0.42601734  	0.43208084  
2021-08-09 15:00:48.285: [iter 21 : loss : 0.163183, time: 12.903218]
2021-08-09 15:00:50.632: epoch 21:	0.22552720  	0.20819649  	0.17754111  	0.07946612  	0.10215485  	0.16739060  	0.24479569  	0.23682891  	0.23683466  	0.15592751  	0.13857111  	0.11869613  	0.41766569  	0.42251542  	0.42885783  
2021-08-09 15:01:02.796: [iter 22 : loss : 0.159685, time: 12.163909]
2021-08-09 15:01:05.157: epoch 22:	0.22880584  	0.21295066  	0.17827873  	0.08425596  	0.10831881  	0.16803055  	0.25182131  	0.24439803  	0.24066913  	0.15927063  	0.14165293  	0.12094881  	0.43786472  	0.44364798  	0.44858724  
2021-08-09 15:01:17.263: [iter 23 : loss : 0.154863, time: 12.106361]
2021-08-09 15:01:19.578: epoch 23:	0.22950847  	0.20737672  	0.17565566  	0.08136490  	0.10351154  	0.16802010  	0.24999554  	0.23835129  	0.23694924  	0.16068879  	0.14001173  	0.11876387  	0.42556962  	0.42996407  	0.43660548  
2021-08-09 15:01:31.490: [iter 24 : loss : 0.151035, time: 11.911746]
2021-08-09 15:01:34.044: epoch 24:	0.22740076  	0.21508177  	0.18016401  	0.08444244  	0.10905816  	0.17278051  	0.24478425  	0.24095176  	0.23969887  	0.15436082  	0.13939628  	0.12022611  	0.41354385  	0.42032900  	0.42657530  
2021-08-09 15:01:45.908: [iter 25 : loss : 0.147885, time: 11.863866]
2021-08-09 15:01:48.247: epoch 25:	0.22248253  	0.20885229  	0.17762308  	0.07897437  	0.10290287  	0.17135167  	0.24340518  	0.23721859  	0.23711890  	0.15498865  	0.13814458  	0.11758343  	0.42037845  	0.42709520  	0.43403971  
2021-08-09 15:02:00.394: [iter 26 : loss : 0.144944, time: 12.146983]
2021-08-09 15:02:02.809: epoch 26:	0.22435620  	0.20950796  	0.17844264  	0.08192579  	0.10603482  	0.17308782  	0.24594957  	0.23939879  	0.23988052  	0.15432790  	0.13722186  	0.11957456  	0.42887965  	0.43518201  	0.44022888  
2021-08-09 15:02:15.614: [iter 27 : loss : 0.142744, time: 12.804761]
2021-08-09 15:02:18.130: epoch 27:	0.23302124  	0.21458995  	0.17704920  	0.08644275  	0.11055116  	0.17533031  	0.25199533  	0.24406891  	0.24066527  	0.15986863  	0.14165454  	0.12020953  	0.42821601  	0.43254671  	0.43817899  
2021-08-09 15:02:31.025: [iter 28 : loss : 0.139139, time: 12.895256]
2021-08-09 15:02:33.877: epoch 28:	0.22950841  	0.21065544  	0.17581983  	0.08332080  	0.10734228  	0.17354800  	0.25116518  	0.24215400  	0.24005905  	0.15943006  	0.14065991  	0.11978102  	0.43233383  	0.43694684  	0.44262561  
2021-08-09 15:02:46.840: [iter 29 : loss : 0.136869, time: 12.962825]
2021-08-09 15:02:49.246: epoch 29:	0.22341949  	0.20836037  	0.17598377  	0.08005990  	0.10488908  	0.17206870  	0.24343665  	0.23724237  	0.23710835  	0.15356110  	0.13645470  	0.11700203  	0.41964069  	0.42565629  	0.43169975  
2021-08-09 15:03:01.352: [iter 30 : loss : 0.134709, time: 12.106165]
2021-08-09 15:03:03.667: epoch 30:	0.21756467  	0.20458995  	0.17483611  	0.07868451  	0.10410175  	0.17554545  	0.24018480  	0.23464708  	0.23689322  	0.15078232  	0.13464588  	0.11621957  	0.42264625  	0.42894867  	0.43585470  
2021-08-09 15:03:16.012: [iter 31 : loss : 0.132949, time: 12.344297]
2021-08-09 15:03:18.424: epoch 31:	0.21779893  	0.20360634  	0.17524596  	0.07811276  	0.10357510  	0.17519623  	0.23542298  	0.23026651  	0.23402622  	0.14608522  	0.13036326  	0.11375433  	0.40895763  	0.41519174  	0.42177418  
2021-08-09 15:03:30.825: [iter 32 : loss : 0.131892, time: 12.400872]
2021-08-09 15:03:33.239: epoch 32:	0.21826720  	0.20065545  	0.17327870  	0.07814964  	0.10153238  	0.17196169  	0.23676024  	0.22887999  	0.23287041  	0.14653614  	0.12972911  	0.11365891  	0.41220123  	0.41773412  	0.42381993  
2021-08-09 15:03:45.881: [iter 33 : loss : 0.129789, time: 12.641273]
2021-08-09 15:03:48.319: epoch 33:	0.21967228  	0.20262277  	0.17237709  	0.08079631  	0.10478383  	0.17528684  	0.23949870  	0.23195513  	0.23421323  	0.15051055  	0.13222092  	0.11403070  	0.41525355  	0.42166078  	0.42953205  
2021-08-09 15:04:00.514: [iter 34 : loss : 0.127466, time: 12.194049]
2021-08-09 15:04:02.851: epoch 34:	0.21358339  	0.20065551  	0.17278688  	0.07633869  	0.10378645  	0.17169325  	0.23692809  	0.23197129  	0.23429859  	0.14874674  	0.13202478  	0.11473054  	0.42377809  	0.43187466  	0.43832856  
2021-08-09 15:04:14.980: [iter 35 : loss : 0.126277, time: 12.129168]
2021-08-09 15:04:17.590: epoch 35:	0.22178012  	0.20524555  	0.17393444  	0.08062601  	0.10315815  	0.17591962  	0.24269614  	0.23533936  	0.23744836  	0.15331851  	0.13629408  	0.11699044  	0.42460167  	0.43020284  	0.43780479  
2021-08-09 15:04:29.738: [iter 36 : loss : 0.124694, time: 12.148149]
2021-08-09 15:04:32.272: epoch 36:	0.22365360  	0.20229484  	0.17459029  	0.08315707  	0.10461597  	0.17331801  	0.24375668  	0.23356283  	0.23670016  	0.15451570  	0.13470455  	0.11711032  	0.41960949  	0.42607591  	0.43317851  
2021-08-09 15:04:44.458: [iter 37 : loss : 0.124193, time: 12.185177]
2021-08-09 15:04:47.090: epoch 37:	0.21592529  	0.19803256  	0.17155750  	0.07907218  	0.10111092  	0.17142542  	0.23473406  	0.22675301  	0.23106754  	0.14670521  	0.12916552  	0.11273536  	0.40683427  	0.41419771  	0.42072085  
2021-08-09 15:05:00.411: [iter 38 : loss : 0.122556, time: 13.320919]
2021-08-09 15:05:02.758: epoch 38:	0.21896975  	0.20163912  	0.17393450  	0.07927869  	0.10381129  	0.17363665  	0.23619355  	0.22949301  	0.23373306  	0.14913835  	0.13163234  	0.11509751  	0.40254861  	0.40932006  	0.41618046  
2021-08-09 15:05:15.057: [iter 39 : loss : 0.120639, time: 12.299551]
2021-08-09 15:05:17.482: epoch 39:	0.21428600  	0.19950795  	0.16737708  	0.08058132  	0.10516824  	0.16843736  	0.23472933  	0.22919807  	0.22904678  	0.14578246  	0.12996079  	0.11137171  	0.40954706  	0.41701981  	0.42220488  
2021-08-09 15:05:30.131: [iter 40 : loss : 0.119543, time: 12.648628]
2021-08-09 15:05:32.768: epoch 40:	0.21733049  	0.20147517  	0.17024586  	0.08296490  	0.10682505  	0.16959985  	0.23396298  	0.22818141  	0.22945470  	0.14350232  	0.12805712  	0.11206970  	0.40197870  	0.40810356  	0.41294572  
2021-08-09 15:05:45.522: [iter 41 : loss : 0.119012, time: 12.753698]
2021-08-09 15:05:47.946: epoch 41:	0.22224844  	0.20180307  	0.17000009  	0.08341066  	0.10451809  	0.17261179  	0.23819792  	0.22938983  	0.23120986  	0.14947593  	0.13168885  	0.11457427  	0.40047604  	0.40565372  	0.41297248  
2021-08-09 15:06:00.185: [iter 42 : loss : 0.117957, time: 12.238540]
2021-08-09 15:06:02.546: epoch 42:	0.21194398  	0.19606546  	0.16778693  	0.08035751  	0.10453006  	0.16965714  	0.22931348  	0.22340445  	0.22678740  	0.14139093  	0.12584519  	0.11091755  	0.39305988  	0.39976302  	0.40616065  
2021-08-09 15:06:15.368: [iter 43 : loss : 0.117008, time: 12.821835]
2021-08-09 15:06:17.792: epoch 43:	0.21311490  	0.19704899  	0.16811477  	0.07743210  	0.10225995  	0.16874334  	0.22940794  	0.22324441  	0.22585222  	0.14297761  	0.12646092  	0.11014061  	0.39154157  	0.39835858  	0.40546420  
2021-08-09 15:06:29.935: [iter 44 : loss : 0.116398, time: 12.142627]
2021-08-09 15:06:32.323: epoch 44:	0.20772851  	0.19524574  	0.16803288  	0.07932858  	0.10221341  	0.16974403  	0.22718066  	0.22274438  	0.22645657  	0.14288987  	0.12749653  	0.11113387  	0.38944173  	0.39550740  	0.40316674  
2021-08-09 15:06:44.921: [iter 45 : loss : 0.115341, time: 12.597942]
2021-08-09 15:06:47.377: epoch 45:	0.20023435  	0.18639319  	0.16614743  	0.07643108  	0.10056929  	0.16936252  	0.22137929  	0.21647339  	0.22460747  	0.13728757  	0.12156921  	0.10854951  	0.39186165  	0.39919776  	0.40675414  
2021-08-09 15:06:59.810: [iter 46 : loss : 0.113442, time: 12.433305]
2021-08-09 15:07:02.153: epoch 46:	0.20913367  	0.19409819  	0.16655743  	0.08050243  	0.10299832  	0.16827734  	0.22779991  	0.22219588  	0.22603135  	0.14212048  	0.12629457  	0.11008187  	0.39209980  	0.40060627  	0.40824151  
2021-08-09 15:07:14.994: [iter 47 : loss : 0.112965, time: 12.839993]
2021-08-09 15:07:17.519: epoch 47:	0.20140542  	0.18573754  	0.16008194  	0.07480311  	0.09855492  	0.16178003  	0.21813832  	0.21218750  	0.21630429  	0.13419843  	0.11830579  	0.10329378  	0.37744325  	0.38395977  	0.39146748  
2021-08-09 15:07:30.546: [iter 48 : loss : 0.112278, time: 13.026901]
2021-08-09 15:07:33.080: epoch 48:	0.19812657  	0.18639328  	0.16311479  	0.07302134  	0.09959032  	0.16684932  	0.21690404  	0.21377349  	0.22026774  	0.13272868  	0.11862103  	0.10579477  	0.37950411  	0.38836581  	0.39540848  
2021-08-09 15:07:46.025: [iter 49 : loss : 0.111554, time: 12.944847]
2021-08-09 15:07:48.647: epoch 49:	0.19906339  	0.18524568  	0.16114758  	0.07790525  	0.10093829  	0.16498685  	0.21550478  	0.21119995  	0.21758904  	0.13051447  	0.11635074  	0.10406135  	0.37472668  	0.38250449  	0.39007547  
2021-08-09 15:08:01.393: [iter 50 : loss : 0.110544, time: 12.745651]
2021-08-09 15:08:03.987: epoch 50:	0.19976600  	0.18950804  	0.16491805  	0.07460807  	0.10287660  	0.17351869  	0.21407963  	0.21252729  	0.22110549  	0.12917368  	0.11647733  	0.10504617  	0.36987105  	0.37817261  	0.38522032  
